mic   _utils.py          INFO     Log file created
mic   _utils.py          INFO     OS: {'name': 'Darwin', 'data': {'version': 'Darwin Kernel Version 18.7.0: Tue Aug 20 16:57:14 PDT 2019; root:xnu-4903.271.2~2/RELEASE_X86_64', 'release': '18.7.0', 'platform': 'Darwin-18.7.0-x86_64-i386-64bit'}}
mic   _utils.py          INFO     MIC Version: 1.2.0
mic   _utils.py          INFO     <=================>
mic   _utils.py          INFO     Command: {'name': 'start', 'command_parameters': {'name': {'value': 'testsuper', 'type': 'str'}, 'image': {'value': None, 'type': 'NoneType'}}}
mic   initialization.py  INFO     When creating base dir found base directory already exists: /Users/mosorio/test/mic
mic   initialization.py  INFO     MIC has initialized the component
mic   initialization.py  DEBUG    detecting framework(s): [<Framework.GENERIC: ('general', 'mintproject/generic:latest')>, <Framework.PYTHON37: ('python3.7', 'mintproject/python:3.7', '.py')>, <Framework.PYTHON38: ('python3.8', 'mintproject/python:3.8', '.py')>, <Framework.CONDA: ('conda4.7.12', 'mintproject/conda:4.7.12', '.py')>]
mic   docker.py          INFO     Downloading and building base docker image
mic   config_yaml.py     DEBUG    Writing to spec: {'file': '/Users/mosorio/test/mic/mic.yaml', 'data': {'key': 'name', 'value': 'testsuper'}}
mic   config_yaml.py     DEBUG    Writing to spec: {'file': '/Users/mosorio/test/mic/mic.yaml', 'data': {'key': 'docker_image', 'value': 'testsuper:latest'}}
mic   config_yaml.py     DEBUG    Writing to spec: {'file': '/Users/mosorio/test/mic/mic.yaml', 'data': {'key': 'framework', 'value': <Framework.GENERIC: ('general', 'mintproject/generic:latest')>}}
mic   config_yaml.py     DEBUG    Writing to spec: {'file': '/Users/mosorio/test/mic/mic.yaml', 'data': {'key': 'container_name', 'value': 'testsuper_c41a96ea'}}
mic   commands.py        INFO     start done
mic   _utils.py          INFO     <=================>
mic   _utils.py          INFO     Command: {'name': 'upload', 'command_parameters': {'mic_file': {'value': '/Users/mosorio/test/mic/mic.yaml', 'type': 'str'}, 'profile': {'value': 'mosorio', 'type': 'str'}, 'model_configuration': {'value': True, 'type': 'bool'}, 'data_transformation': {'value': None, 'type': 'NoneType'}}}
mic   github.py          INFO     Creating the git repository
mic   github.py          INFO     Compressing code
mic   github.py          INFO     Creating a new commit
mic   github.py          INFO     Selected repository already exists
mic   commands.py        ERROR    Upload failed: cannot push because a reference that you are trying to update on the remote contains commits that are not present locally.
Traceback (most recent call last):
  File "/Users/mosorio/repos/mic/src/mic/click_encapsulate/commands.py", line 663, in upload
    push(mic_config_path.parent, mic_config_path, name, profile)
  File "/Users/mosorio/repos/mic/src/mic/publisher/github.py", line 35, in push
    url = check_create_remote_repo(repo, profile, repository_name)
  File "/Users/mosorio/repos/mic/src/mic/publisher/github.py", line 129, in check_create_remote_repo
    git_push(repo, profile)
  File "/Users/mosorio/repos/mic/src/mic/publisher/github.py", line 204, in git_push
    remote.push(['refs/heads/master'], callbacks=callbacks)
  File "/Users/mosorio/.pyenv/versions/3.7.6/envs/mic/lib/python3.7/site-packages/pygit2/remote.py", line 224, in push
    payload.check_error(err)
  File "/Users/mosorio/.pyenv/versions/3.7.6/envs/mic/lib/python3.7/site-packages/pygit2/callbacks.py", line 93, in check_error
    check_error(error_code)
  File "/Users/mosorio/.pyenv/versions/3.7.6/envs/mic/lib/python3.7/site-packages/pygit2/errors.py", line 65, in check_error
    raise GitError(message)
_pygit2.GitError: cannot push because a reference that you are trying to update on the remote contains commits that are not present locally.
mic   _utils.py          INFO     <=================>
mic   _utils.py          INFO     Command: {'name': 'upload', 'command_parameters': {'mic_file': {'value': '/Users/mosorio/test/mic/mic.yaml', 'type': 'str'}, 'profile': {'value': 'mosorio', 'type': 'str'}, 'model_configuration': {'value': True, 'type': 'bool'}, 'data_transformation': {'value': None, 'type': 'NoneType'}}}
mic   github.py          INFO     Creating the git repository
mic   github.py          INFO     Compressing code
mic   github.py          INFO     Creating a new commit
mic   _utils.py          INFO     <=================>
mic   _utils.py          INFO     Command: {'name': 'upload', 'command_parameters': {'mic_file': {'value': '/Users/mosorio/test/mic/mic.yaml', 'type': 'str'}, 'profile': {'value': 'mosorio', 'type': 'str'}, 'model_configuration': {'value': True, 'type': 'bool'}, 'data_transformation': {'value': None, 'type': 'NoneType'}}}
mic   github.py          INFO     Creating the git repository
mic   github.py          INFO     Compressing code
mic   github.py          INFO     Creating a new commit
mic   config_yaml.py     DEBUG    Writing to spec: {'file': '/Users/mosorio/test/mic/mic.yaml', 'data': {'key': 'github_repo_url', 'value': 'https://github.com/mosoriob/testsuper.git'}}
mic   github.py          INFO     Creating a new version
mic   github.py          DEBUG    New version: 20.7.1
mic   github.py          INFO     Pushing changes to the server
mic   config_yaml.py     DEBUG    Writing to spec: {'file': '/Users/mosorio/test/mic/mic.yaml', 'data': {'key': 'version', 'value': '20.7.1'}}
mic   config_yaml.py     DEBUG    Writing to spec: {'file': '/Users/mosorio/test/mic/mic.yaml', 'data': {'key': 'mint_component_url', 'value': 'https://raw.githubusercontent.com/mosoriob/testsuper/master/mint_component.zip'}}
mic   github.py          INFO     Push complete: {'repository': 'https://github.com/mosoriob/testsuper.git', 'version': '20.7.1'}
mic   docker.py          INFO     Publish docker image
mic   commands.py        INFO     upload done
mic   _utils.py          INFO     <=================>
mic   _utils.py          INFO     Command: {'name': 'upload', 'command_parameters': {'mic_file': {'value': '/Users/mosorio/test/mic/mic.yaml', 'type': 'str'}, 'profile': {'value': 'mosorio', 'type': 'str'}, 'model_configuration': {'value': True, 'type': 'bool'}, 'data_transformation': {'value': None, 'type': 'NoneType'}}}
mic   github.py          INFO     Creating the git repository
mic   github.py          INFO     Compressing code
mic   github.py          INFO     Creating a new commit
mic   config_yaml.py     DEBUG    Writing to spec: {'file': '/Users/mosorio/test/mic/mic.yaml', 'data': {'key': 'github_repo_url', 'value': 'https://github.com/mosoriob/testsuper.git'}}
mic   github.py          INFO     Creating a new version
mic   github.py          DEBUG    New version: 20.7.2
mic   github.py          INFO     Pushing changes to the server
mic   config_yaml.py     DEBUG    Writing to spec: {'file': '/Users/mosorio/test/mic/mic.yaml', 'data': {'key': 'version', 'value': '20.7.2'}}
mic   config_yaml.py     DEBUG    Writing to spec: {'file': '/Users/mosorio/test/mic/mic.yaml', 'data': {'key': 'mint_component_url', 'value': 'https://raw.githubusercontent.com/mosoriob/testsuper/master/mint_component.zip'}}
mic   github.py          INFO     Push complete: {'repository': 'https://github.com/mosoriob/testsuper.git', 'version': '20.7.2'}
mic   docker.py          INFO     Publish docker image
mic   commands.py        INFO     upload done
mic   _utils.py          INFO     <=================>
mic   _utils.py          INFO     Command: {'name': 'upload', 'command_parameters': {'mic_file': {'value': '/Users/mosorio/test/mic/mic.yaml', 'type': 'str'}, 'profile': {'value': 'mosorio', 'type': 'str'}, 'model_configuration': {'value': True, 'type': 'bool'}, 'data_transformation': {'value': None, 'type': 'NoneType'}}}
mic   github.py          INFO     Creating the git repository
mic   github.py          INFO     Compressing code
mic   github.py          INFO     Creating a new commit
mic   config_yaml.py     DEBUG    Writing to spec: {'file': '/Users/mosorio/test/mic/mic.yaml', 'data': {'key': 'github_repo_url', 'value': 'https://github.com/mosoriob/testsuper.git'}}
mic   github.py          INFO     Creating a new version
mic   github.py          DEBUG    New version: 20.7.3
mic   github.py          INFO     Pushing changes to the server
mic   config_yaml.py     DEBUG    Writing to spec: {'file': '/Users/mosorio/test/mic/mic.yaml', 'data': {'key': 'version', 'value': '20.7.3'}}
mic   config_yaml.py     DEBUG    Writing to spec: {'file': '/Users/mosorio/test/mic/mic.yaml', 'data': {'key': 'mint_component_url', 'value': 'https://raw.githubusercontent.com/mosoriob/testsuper/master/mint_component.zip'}}
mic   github.py          INFO     Push complete: {'repository': 'https://github.com/mosoriob/testsuper.git', 'version': '20.7.3'}
mic   docker.py          INFO     Publish docker image
mic   config_yaml.py     DEBUG    Writing to spec: {'file': '/Users/mosorio/test/mic/mic.yaml', 'data': {'key': 'docker_image', 'value': 'mosorio/testsuper:20.7.3'}}
mic   commands.py        ERROR    Upload failed: 
Traceback (most recent call last):
  File "/Users/mosorio/.pyenv/versions/3.7.6/envs/mic/lib/python3.7/site-packages/click/termui.py", line 200, in confirm
    value = visible_prompt_func("").lower().strip()
KeyboardInterrupt

During handling of the above exception, another exception occurred:

Traceback (most recent call last):
  File "/Users/mosorio/repos/mic/src/mic/click_encapsulate/commands.py", line 668, in upload
    model_configuration, profile)
  File "/Users/mosorio/repos/mic/src/mic/publisher/model_catalog.py", line 104, in publish_model_configuration
    if click.confirm("Do you want to use an existing model?", default=True):
  File "/Users/mosorio/.pyenv/versions/3.7.6/envs/mic/lib/python3.7/site-packages/click/termui.py", line 202, in confirm
    raise Abort()
click.exceptions.Abort
mic   _utils.py          INFO     <=================>
mic   _utils.py          INFO     Command: {'name': 'upload', 'command_parameters': {'mic_file': {'value': '/Users/mosorio/test/mic/mic.yaml', 'type': 'str'}, 'profile': {'value': 'mosorio', 'type': 'str'}, 'model_configuration': {'value': True, 'type': 'bool'}, 'data_transformation': {'value': None, 'type': 'NoneType'}}}
mic   github.py          INFO     Creating the git repository
mic   github.py          INFO     Compressing code
mic   github.py          INFO     Creating a new commit
